mode: set
github.com/heathcliff26/go-minesweeper/cmd/app/log.go:14.13,17.2 2 0
github.com/heathcliff26/go-minesweeper/cmd/app/log.go:19.25,21.9 2 0
github.com/heathcliff26/go-minesweeper/cmd/app/log.go:22.16,23.29 1 0
github.com/heathcliff26/go-minesweeper/cmd/app/log.go:24.15,25.28 1 0
github.com/heathcliff26/go-minesweeper/cmd/app/log.go:26.10,27.29 1 0
github.com/heathcliff26/go-minesweeper/cmd/app/log.go:30.2,34.25 3 0
github.com/heathcliff26/go-minesweeper/cmd/app/main.go:9.13,15.2 4 0
github.com/heathcliff26/go-minesweeper/cmd/log-parser/main.go:17.13,21.2 3 0
github.com/heathcliff26/go-minesweeper/cmd/log-parser/main.go:23.13,25.11 2 0
github.com/heathcliff26/go-minesweeper/cmd/log-parser/main.go:25.11,28.3 2 0
github.com/heathcliff26/go-minesweeper/cmd/log-parser/main.go:29.2,29.17 1 0
github.com/heathcliff26/go-minesweeper/cmd/log-parser/main.go:29.17,32.3 2 0
github.com/heathcliff26/go-minesweeper/cmd/log-parser/main.go:33.2,33.18 1 0
github.com/heathcliff26/go-minesweeper/cmd/log-parser/main.go:33.18,36.3 2 0
github.com/heathcliff26/go-minesweeper/cmd/log-parser/main.go:37.2,38.16 2 0
github.com/heathcliff26/go-minesweeper/cmd/log-parser/main.go:38.16,41.3 2 0
github.com/heathcliff26/go-minesweeper/cmd/log-parser/main.go:42.2,46.32 4 0
github.com/heathcliff26/go-minesweeper/cmd/log-parser/main.go:46.32,48.17 2 0
github.com/heathcliff26/go-minesweeper/cmd/log-parser/main.go:48.17,51.4 2 0
github.com/heathcliff26/go-minesweeper/cmd/log-parser/main.go:52.3,53.17 2 0
github.com/heathcliff26/go-minesweeper/cmd/log-parser/main.go:53.17,56.4 2 0
github.com/heathcliff26/go-minesweeper/cmd/log-parser/main.go:58.3,58.34 1 0
github.com/heathcliff26/go-minesweeper/cmd/log-parser/main.go:60.2,63.16 3 0
github.com/heathcliff26/go-minesweeper/cmd/log-parser/main.go:63.16,66.3 2 0
github.com/heathcliff26/go-minesweeper/cmd/log-parser/main.go:68.2,69.16 2 0
github.com/heathcliff26/go-minesweeper/cmd/log-parser/main.go:69.16,72.3 2 0
github.com/heathcliff26/go-minesweeper/cmd/log-parser/main.go:73.2,73.27 1 0
github.com/heathcliff26/go-minesweeper/pkg/app/filedialog/dialog.go:22.87,26.66 4 0
github.com/heathcliff26/go-minesweeper/pkg/app/filedialog/dialog.go:26.66,28.17 2 0
github.com/heathcliff26/go-minesweeper/pkg/app/filedialog/dialog.go:28.17,31.4 2 0
github.com/heathcliff26/go-minesweeper/pkg/app/filedialog/dialog.go:32.3,32.17 1 0
github.com/heathcliff26/go-minesweeper/pkg/app/filedialog/dialog.go:32.17,35.4 2 0
github.com/heathcliff26/go-minesweeper/pkg/app/filedialog/dialog.go:37.3,37.48 1 0
github.com/heathcliff26/go-minesweeper/pkg/app/filedialog/dialog.go:40.2,41.16 2 0
github.com/heathcliff26/go-minesweeper/pkg/app/filedialog/dialog.go:41.16,43.3 1 0
github.com/heathcliff26/go-minesweeper/pkg/app/filedialog/dialog.go:45.2,45.23 1 0
github.com/heathcliff26/go-minesweeper/pkg/app/filedialog/dialog.go:45.23,46.13 1 0
github.com/heathcliff26/go-minesweeper/pkg/app/filedialog/dialog.go:46.13,48.4 1 0
github.com/heathcliff26/go-minesweeper/pkg/app/filedialog/dialog.go:49.3,49.27 1 0
github.com/heathcliff26/go-minesweeper/pkg/app/filedialog/dialog.go:52.2,53.34 2 0
github.com/heathcliff26/go-minesweeper/pkg/app/filedialog/dialog.go:57.87,61.67 4 0
github.com/heathcliff26/go-minesweeper/pkg/app/filedialog/dialog.go:61.67,63.17 2 0
github.com/heathcliff26/go-minesweeper/pkg/app/filedialog/dialog.go:63.17,66.4 2 0
github.com/heathcliff26/go-minesweeper/pkg/app/filedialog/dialog.go:67.3,67.17 1 0
github.com/heathcliff26/go-minesweeper/pkg/app/filedialog/dialog.go:67.17,70.4 2 0
github.com/heathcliff26/go-minesweeper/pkg/app/filedialog/dialog.go:72.3,73.14 2 0
github.com/heathcliff26/go-minesweeper/pkg/app/filedialog/dialog.go:76.2,77.16 2 0
github.com/heathcliff26/go-minesweeper/pkg/app/filedialog/dialog.go:77.16,79.3 1 0
github.com/heathcliff26/go-minesweeper/pkg/app/filedialog/dialog.go:81.2,81.23 1 0
github.com/heathcliff26/go-minesweeper/pkg/app/filedialog/dialog.go:81.23,82.13 1 0
github.com/heathcliff26/go-minesweeper/pkg/app/filedialog/dialog.go:82.13,84.4 1 0
github.com/heathcliff26/go-minesweeper/pkg/app/filedialog/dialog.go:85.3,85.27 1 0
github.com/heathcliff26/go-minesweeper/pkg/app/filedialog/dialog.go:88.2,89.34 2 0
github.com/heathcliff26/go-minesweeper/pkg/app/filedialog/dialog.go:95.69,97.16 2 0
github.com/heathcliff26/go-minesweeper/pkg/app/filedialog/dialog.go:97.16,99.3 1 0
github.com/heathcliff26/go-minesweeper/pkg/app/filedialog/dialog.go:100.2,101.16 2 0
github.com/heathcliff26/go-minesweeper/pkg/app/filedialog/dialog.go:101.16,103.3 1 0
github.com/heathcliff26/go-minesweeper/pkg/app/filedialog/dialog.go:104.2,106.12 2 0
github.com/heathcliff26/go-minesweeper/pkg/app/filedialog/dialog.go:109.107,112.25 2 0
github.com/heathcliff26/go-minesweeper/pkg/app/filedialog/dialog.go:112.25,114.17 2 0
github.com/heathcliff26/go-minesweeper/pkg/app/filedialog/dialog.go:114.17,116.4 1 0
github.com/heathcliff26/go-minesweeper/pkg/app/filedialog/dialog.go:117.3,117.22 1 0
github.com/heathcliff26/go-minesweeper/pkg/app/filedialog/dialog.go:119.2,120.16 2 0
github.com/heathcliff26/go-minesweeper/pkg/app/filedialog/dialog.go:120.16,122.3 1 0
github.com/heathcliff26/go-minesweeper/pkg/app/filedialog/dialog.go:124.2,124.23 1 0
github.com/heathcliff26/go-minesweeper/pkg/app/filedialog/dialog.go:124.23,126.3 1 0
github.com/heathcliff26/go-minesweeper/pkg/app/filedialog/dialog.go:128.2,134.12 6 0
github.com/heathcliff26/go-minesweeper/pkg/utils/utils.go:4.36,5.20 1 1
github.com/heathcliff26/go-minesweeper/pkg/utils/utils.go:5.20,7.3 1 1
github.com/heathcliff26/go-minesweeper/pkg/utils/utils.go:9.2,12.25 3 1
github.com/heathcliff26/go-minesweeper/pkg/utils/utils.go:12.25,14.3 1 1
github.com/heathcliff26/go-minesweeper/pkg/utils/utils.go:15.2,15.15 1 1
github.com/heathcliff26/go-minesweeper/tests/performance/main.go:24.13,29.2 4 0
github.com/heathcliff26/go-minesweeper/tests/performance/main.go:31.13,33.11 2 0
github.com/heathcliff26/go-minesweeper/tests/performance/main.go:33.11,36.3 2 0
github.com/heathcliff26/go-minesweeper/tests/performance/main.go:38.2,41.91 3 0
github.com/heathcliff26/go-minesweeper/tests/performance/main.go:41.91,42.23 1 0
github.com/heathcliff26/go-minesweeper/tests/performance/main.go:42.23,44.4 1 0
github.com/heathcliff26/go-minesweeper/tests/performance/main.go:46.2,46.92 1 0
github.com/heathcliff26/go-minesweeper/tests/performance/main.go:46.92,47.23 1 0
github.com/heathcliff26/go-minesweeper/tests/performance/main.go:47.23,49.4 1 0
github.com/heathcliff26/go-minesweeper/tests/performance/main.go:52.2,52.76 1 0
github.com/heathcliff26/go-minesweeper/tests/performance/main.go:56.86,65.48 6 0
github.com/heathcliff26/go-minesweeper/tests/performance/main.go:65.48,66.38 1 0
github.com/heathcliff26/go-minesweeper/tests/performance/main.go:66.38,68.4 1 0
github.com/heathcliff26/go-minesweeper/tests/performance/main.go:69.3,69.38 1 0
github.com/heathcliff26/go-minesweeper/tests/performance/main.go:69.38,72.4 2 0
github.com/heathcliff26/go-minesweeper/tests/performance/main.go:74.2,74.28 1 0
github.com/heathcliff26/go-minesweeper/tests/performance/main.go:74.28,76.3 1 0
github.com/heathcliff26/go-minesweeper/tests/performance/main.go:77.2,77.28 1 0
github.com/heathcliff26/go-minesweeper/tests/performance/main.go:77.28,80.3 2 0
github.com/heathcliff26/go-minesweeper/tests/performance/main.go:82.2,85.23 4 0
github.com/heathcliff26/go-minesweeper/tests/performance/main.go:85.23,87.35 2 0
github.com/heathcliff26/go-minesweeper/tests/performance/main.go:87.35,89.38 2 0
github.com/heathcliff26/go-minesweeper/tests/performance/main.go:89.38,91.5 1 0
github.com/heathcliff26/go-minesweeper/tests/performance/main.go:91.10,93.5 1 0
github.com/heathcliff26/go-minesweeper/tests/performance/main.go:95.3,95.45 1 0
github.com/heathcliff26/go-minesweeper/tests/performance/main.go:95.45,97.4 1 0
github.com/heathcliff26/go-minesweeper/tests/performance/main.go:99.2,100.15 2 0
github.com/heathcliff26/go-minesweeper/tests/performance/main.go:103.48,107.2 3 0
github.com/heathcliff26/go-minesweeper/tests/performance/main.go:109.85,112.28 2 0
github.com/heathcliff26/go-minesweeper/tests/performance/main.go:112.28,114.3 1 0
github.com/heathcliff26/go-minesweeper/tests/performance/main.go:115.2,116.33 2 0
github.com/heathcliff26/go-minesweeper/tests/performance/main.go:116.33,118.14 2 0
github.com/heathcliff26/go-minesweeper/tests/performance/main.go:118.14,120.4 1 0
github.com/heathcliff26/go-minesweeper/tests/performance/main.go:121.3,121.14 1 0
github.com/heathcliff26/go-minesweeper/tests/performance/main.go:121.14,123.4 1 0
github.com/heathcliff26/go-minesweeper/tests/performance/main.go:125.2,126.8 2 0
github.com/heathcliff26/go-minesweeper/tests/performance/main.go:129.38,131.2 1 0
github.com/heathcliff26/go-minesweeper/tests/performance/main.go:133.50,135.16 2 0
github.com/heathcliff26/go-minesweeper/tests/performance/main.go:135.16,138.3 2 0
github.com/heathcliff26/go-minesweeper/tests/performance/main.go:139.2,142.16 3 0
github.com/heathcliff26/go-minesweeper/tests/performance/main.go:142.16,145.3 2 0
github.com/heathcliff26/go-minesweeper/tests/performance/main.go:146.2,148.16 3 0
github.com/heathcliff26/go-minesweeper/tests/performance/main.go:148.16,151.3 2 0
github.com/heathcliff26/go-minesweeper/tests/performance/main.go:153.2,154.32 2 0
github.com/heathcliff26/go-minesweeper/tests/performance/main.go:154.32,158.34 4 0
github.com/heathcliff26/go-minesweeper/tests/performance/main.go:158.34,160.4 1 0
github.com/heathcliff26/go-minesweeper/tests/performance/main.go:162.2,162.26 1 0
github.com/heathcliff26/go-minesweeper/pkg/minesweeper/difficulty.go:53.34,57.2 3 1
github.com/heathcliff26/go-minesweeper/pkg/minesweeper/difficulty.go:59.67,60.118 1 1
github.com/heathcliff26/go-minesweeper/pkg/minesweeper/difficulty.go:60.118,62.3 1 1
github.com/heathcliff26/go-minesweeper/pkg/minesweeper/difficulty.go:63.2,63.96 1 1
github.com/heathcliff26/go-minesweeper/pkg/minesweeper/difficulty.go:63.96,65.3 1 1
github.com/heathcliff26/go-minesweeper/pkg/minesweeper/difficulty.go:66.2,71.8 1 1
github.com/heathcliff26/go-minesweeper/pkg/minesweeper/errors.go:10.52,12.2 1 1
github.com/heathcliff26/go-minesweeper/pkg/minesweeper/errors.go:14.49,16.2 1 0
github.com/heathcliff26/go-minesweeper/pkg/minesweeper/errors.go:22.49,24.2 1 1
github.com/heathcliff26/go-minesweeper/pkg/minesweeper/errors.go:26.49,28.2 1 0
github.com/heathcliff26/go-minesweeper/pkg/minesweeper/game.go:63.41,70.2 1 1
github.com/heathcliff26/go-minesweeper/pkg/minesweeper/game.go:73.52,76.29 2 1
github.com/heathcliff26/go-minesweeper/pkg/minesweeper/game.go:76.29,78.3 1 1
github.com/heathcliff26/go-minesweeper/pkg/minesweeper/game.go:80.2,82.10 2 1
github.com/heathcliff26/go-minesweeper/pkg/minesweeper/game.go:86.57,90.2 2 1
github.com/heathcliff26/go-minesweeper/pkg/minesweeper/game.go:93.58,95.26 2 1
github.com/heathcliff26/go-minesweeper/pkg/minesweeper/game.go:95.26,96.27 1 1
github.com/heathcliff26/go-minesweeper/pkg/minesweeper/game.go:96.27,98.26 2 1
github.com/heathcliff26/go-minesweeper/pkg/minesweeper/game.go:98.26,100.5 1 1
github.com/heathcliff26/go-minesweeper/pkg/minesweeper/game.go:103.2,105.26 2 1
github.com/heathcliff26/go-minesweeper/pkg/minesweeper/game.go:110.55,111.54 1 1
github.com/heathcliff26/go-minesweeper/pkg/minesweeper/game.go:111.54,113.3 1 1
github.com/heathcliff26/go-minesweeper/pkg/minesweeper/game.go:115.2,117.39 2 1
github.com/heathcliff26/go-minesweeper/pkg/minesweeper/game.go:117.39,120.3 2 1
github.com/heathcliff26/go-minesweeper/pkg/minesweeper/game.go:122.2,124.31 2 1
github.com/heathcliff26/go-minesweeper/pkg/minesweeper/game.go:129.40,134.36 3 1
github.com/heathcliff26/go-minesweeper/pkg/minesweeper/game.go:134.36,136.3 1 1
github.com/heathcliff26/go-minesweeper/pkg/minesweeper/game.go:138.2,140.26 2 1
github.com/heathcliff26/go-minesweeper/pkg/minesweeper/game.go:140.26,141.27 1 1
github.com/heathcliff26/go-minesweeper/pkg/minesweeper/game.go:141.27,142.24 1 1
github.com/heathcliff26/go-minesweeper/pkg/minesweeper/game.go:142.24,143.13 1 1
github.com/heathcliff26/go-minesweeper/pkg/minesweeper/game.go:145.4,146.24 2 1
github.com/heathcliff26/go-minesweeper/pkg/minesweeper/game.go:146.24,147.13 1 1
github.com/heathcliff26/go-minesweeper/pkg/minesweeper/game.go:149.4,149.34 1 1
github.com/heathcliff26/go-minesweeper/pkg/minesweeper/game.go:149.34,151.5 1 1
github.com/heathcliff26/go-minesweeper/pkg/minesweeper/game.go:157.45,158.14 1 1
github.com/heathcliff26/go-minesweeper/pkg/minesweeper/game.go:158.14,160.3 1 1
github.com/heathcliff26/go-minesweeper/pkg/minesweeper/game.go:161.2,161.37 1 1
github.com/heathcliff26/go-minesweeper/pkg/minesweeper/game.go:165.38,167.2 1 1
github.com/heathcliff26/go-minesweeper/pkg/minesweeper/game.go:171.44,172.21 1 1
github.com/heathcliff26/go-minesweeper/pkg/minesweeper/game.go:172.21,179.3 1 1
github.com/heathcliff26/go-minesweeper/pkg/minesweeper/game.go:180.2,185.29 4 1
github.com/heathcliff26/go-minesweeper/pkg/minesweeper/game.go:185.29,187.51 2 1
github.com/heathcliff26/go-minesweeper/pkg/minesweeper/game.go:187.51,189.4 1 1
github.com/heathcliff26/go-minesweeper/pkg/minesweeper/game.go:189.9,191.4 1 1
github.com/heathcliff26/go-minesweeper/pkg/minesweeper/game.go:192.3,192.62 1 1
github.com/heathcliff26/go-minesweeper/pkg/minesweeper/game.go:192.62,194.4 1 1
github.com/heathcliff26/go-minesweeper/pkg/minesweeper/game.go:197.2,197.22 1 1
github.com/heathcliff26/go-minesweeper/pkg/minesweeper/game.go:197.22,199.41 2 1
github.com/heathcliff26/go-minesweeper/pkg/minesweeper/game.go:199.41,201.4 1 1
github.com/heathcliff26/go-minesweeper/pkg/minesweeper/game.go:204.2,207.17 3 1
github.com/heathcliff26/go-minesweeper/pkg/minesweeper/game.go:211.33,213.2 1 1
github.com/heathcliff26/go-minesweeper/pkg/minesweeper/game.go:216.32,218.2 1 1
github.com/heathcliff26/go-minesweeper/pkg/minesweeper/game.go:221.30,227.29 5 1
github.com/heathcliff26/go-minesweeper/pkg/minesweeper/game.go:227.29,229.3 1 1
github.com/heathcliff26/go-minesweeper/pkg/minesweeper/game.go:233.37,235.2 1 1
github.com/heathcliff26/go-minesweeper/pkg/minesweeper/game.go:238.45,241.2 2 1
github.com/heathcliff26/go-minesweeper/pkg/minesweeper/game.go:244.49,246.2 1 1
github.com/heathcliff26/go-minesweeper/pkg/minesweeper/game.go:249.49,251.26 2 1
github.com/heathcliff26/go-minesweeper/pkg/minesweeper/game.go:251.26,252.27 1 1
github.com/heathcliff26/go-minesweeper/pkg/minesweeper/game.go:252.27,253.43 1 1
github.com/heathcliff26/go-minesweeper/pkg/minesweeper/game.go:253.43,254.13 1 1
github.com/heathcliff26/go-minesweeper/pkg/minesweeper/game.go:256.4,256.45 1 1
github.com/heathcliff26/go-minesweeper/pkg/minesweeper/game.go:256.45,258.5 1 1
github.com/heathcliff26/go-minesweeper/pkg/minesweeper/game.go:261.2,261.10 1 1
github.com/heathcliff26/go-minesweeper/pkg/minesweeper/game.go:265.38,268.29 2 1
github.com/heathcliff26/go-minesweeper/pkg/minesweeper/game.go:268.29,269.36 1 1
github.com/heathcliff26/go-minesweeper/pkg/minesweeper/game.go:269.36,271.4 1 1
github.com/heathcliff26/go-minesweeper/pkg/minesweeper/game.go:273.2,273.14 1 1
github.com/heathcliff26/go-minesweeper/pkg/minesweeper/game.go:277.45,278.29 1 1
github.com/heathcliff26/go-minesweeper/pkg/minesweeper/game.go:278.29,279.36 1 1
github.com/heathcliff26/go-minesweeper/pkg/minesweeper/game.go:279.36,281.4 1 1
github.com/heathcliff26/go-minesweeper/pkg/minesweeper/game.go:283.3,283.73 1 1
github.com/heathcliff26/go-minesweeper/pkg/minesweeper/save.go:26.46,33.16 3 1
github.com/heathcliff26/go-minesweeper/pkg/minesweeper/save.go:33.16,35.3 1 0
github.com/heathcliff26/go-minesweeper/pkg/minesweeper/save.go:36.2,41.8 2 1
github.com/heathcliff26/go-minesweeper/pkg/minesweeper/save.go:45.43,47.16 2 1
github.com/heathcliff26/go-minesweeper/pkg/minesweeper/save.go:47.16,49.3 1 0
github.com/heathcliff26/go-minesweeper/pkg/minesweeper/save.go:51.2,53.16 3 1
github.com/heathcliff26/go-minesweeper/pkg/minesweeper/save.go:53.16,55.3 1 0
github.com/heathcliff26/go-minesweeper/pkg/minesweeper/save.go:57.2,57.19 1 1
github.com/heathcliff26/go-minesweeper/pkg/minesweeper/save.go:62.40,63.45 1 1
github.com/heathcliff26/go-minesweeper/pkg/minesweeper/save.go:63.45,65.3 1 1
github.com/heathcliff26/go-minesweeper/pkg/minesweeper/save.go:67.2,68.16 2 1
github.com/heathcliff26/go-minesweeper/pkg/minesweeper/save.go:68.16,70.3 1 0
github.com/heathcliff26/go-minesweeper/pkg/minesweeper/save.go:72.2,72.39 1 1
github.com/heathcliff26/go-minesweeper/pkg/minesweeper/save.go:77.34,80.33 2 1
github.com/heathcliff26/go-minesweeper/pkg/minesweeper/save.go:80.33,82.3 1 1
github.com/heathcliff26/go-minesweeper/pkg/minesweeper/save.go:84.2,88.10 3 1
github.com/heathcliff26/go-minesweeper/pkg/minesweeper/status.go:34.34,36.2 1 1
github.com/heathcliff26/go-minesweeper/pkg/minesweeper/status.go:39.33,41.2 1 1
github.com/heathcliff26/go-minesweeper/pkg/minesweeper/status.go:44.39,48.23 3 1
github.com/heathcliff26/go-minesweeper/pkg/minesweeper/status.go:48.23,50.3 1 1
github.com/heathcliff26/go-minesweeper/pkg/minesweeper/status.go:51.2,51.24 1 1
github.com/heathcliff26/go-minesweeper/pkg/minesweeper/status.go:55.41,59.23 3 1
github.com/heathcliff26/go-minesweeper/pkg/minesweeper/status.go:59.23,61.3 1 1
github.com/heathcliff26/go-minesweeper/pkg/minesweeper/status.go:62.2,62.26 1 1
github.com/heathcliff26/go-minesweeper/pkg/minesweeper/status.go:66.34,67.34 1 1
github.com/heathcliff26/go-minesweeper/pkg/minesweeper/status.go:67.34,69.3 1 1
github.com/heathcliff26/go-minesweeper/pkg/minesweeper/status.go:71.2,72.54 2 1
github.com/heathcliff26/go-minesweeper/pkg/minesweeper/status.go:72.54,74.3 1 1
github.com/heathcliff26/go-minesweeper/pkg/minesweeper/status.go:75.2,75.28 1 1
github.com/heathcliff26/go-minesweeper/pkg/minesweeper/status.go:75.28,77.3 1 1
github.com/heathcliff26/go-minesweeper/pkg/minesweeper/status.go:78.2,79.38 2 1
github.com/heathcliff26/go-minesweeper/pkg/minesweeper/status.go:79.38,80.33 1 1
github.com/heathcliff26/go-minesweeper/pkg/minesweeper/status.go:80.33,82.4 1 1
github.com/heathcliff26/go-minesweeper/pkg/minesweeper/status.go:84.2,89.80 5 1
github.com/heathcliff26/go-minesweeper/pkg/minesweeper/status.go:89.80,93.28 4 1
github.com/heathcliff26/go-minesweeper/pkg/minesweeper/status.go:93.28,94.60 1 1
github.com/heathcliff26/go-minesweeper/pkg/minesweeper/status.go:94.60,96.5 1 1
github.com/heathcliff26/go-minesweeper/pkg/minesweeper/status.go:98.4,102.28 5 1
github.com/heathcliff26/go-minesweeper/pkg/minesweeper/status.go:102.28,103.29 1 1
github.com/heathcliff26/go-minesweeper/pkg/minesweeper/status.go:103.29,105.38 2 1
github.com/heathcliff26/go-minesweeper/pkg/minesweeper/status.go:105.38,106.15 1 1
github.com/heathcliff26/go-minesweeper/pkg/minesweeper/status.go:108.6,108.36 1 1
github.com/heathcliff26/go-minesweeper/pkg/minesweeper/status.go:108.36,110.46 2 1
github.com/heathcliff26/go-minesweeper/pkg/minesweeper/status.go:110.46,112.8 1 1
github.com/heathcliff26/go-minesweeper/pkg/minesweeper/status.go:112.13,112.56 1 1
github.com/heathcliff26/go-minesweeper/pkg/minesweeper/status.go:112.56,114.8 1 1
github.com/heathcliff26/go-minesweeper/pkg/minesweeper/status.go:114.13,116.8 1 1
github.com/heathcliff26/go-minesweeper/pkg/minesweeper/status.go:120.4,120.24 1 1
github.com/heathcliff26/go-minesweeper/pkg/minesweeper/status.go:120.24,122.5 1 1
github.com/heathcliff26/go-minesweeper/pkg/minesweeper/status.go:123.4,123.84 1 1
github.com/heathcliff26/go-minesweeper/pkg/minesweeper/status.go:123.84,132.5 2 1
github.com/heathcliff26/go-minesweeper/pkg/minesweeper/status.go:132.10,132.82 1 1
github.com/heathcliff26/go-minesweeper/pkg/minesweeper/status.go:132.82,141.5 2 1
github.com/heathcliff26/go-minesweeper/pkg/minesweeper/status.go:145.2,145.161 1 1
github.com/heathcliff26/go-minesweeper/pkg/minesweeper/utils.go:16.27,18.2 1 1
github.com/heathcliff26/go-minesweeper/pkg/minesweeper/utils.go:21.36,23.2 1 1
github.com/heathcliff26/go-minesweeper/pkg/minesweeper/utils.go:26.30,28.2 1 1
github.com/heathcliff26/go-minesweeper/pkg/minesweeper/utils.go:32.50,37.31 4 1
github.com/heathcliff26/go-minesweeper/pkg/minesweeper/utils.go:37.31,39.33 2 1
github.com/heathcliff26/go-minesweeper/pkg/minesweeper/utils.go:39.33,41.4 1 1
github.com/heathcliff26/go-minesweeper/pkg/minesweeper/utils.go:42.3,42.27 1 1
github.com/heathcliff26/go-minesweeper/pkg/minesweeper/utils.go:44.2,44.26 1 1
github.com/heathcliff26/go-minesweeper/pkg/minesweeper/utils.go:48.40,49.9 1 1
github.com/heathcliff26/go-minesweeper/pkg/minesweeper/utils.go:50.18,51.16 1 1
github.com/heathcliff26/go-minesweeper/pkg/minesweeper/utils.go:52.21,53.19 1 1
github.com/heathcliff26/go-minesweeper/pkg/minesweeper/utils.go:54.25,55.31 1 1
github.com/heathcliff26/go-minesweeper/pkg/minesweeper/utils.go:56.10,57.59 1 1
github.com/heathcliff26/go-minesweeper/pkg/minesweeper/utils.go:62.44,64.2 1 1
github.com/heathcliff26/go-minesweeper/pkg/minesweeper/utils.go:67.54,68.30 1 1
github.com/heathcliff26/go-minesweeper/pkg/minesweeper/utils.go:68.30,69.31 1 1
github.com/heathcliff26/go-minesweeper/pkg/minesweeper/utils.go:69.31,71.4 1 1
github.com/heathcliff26/go-minesweeper/pkg/app/app.go:44.17,63.2 11 1
github.com/heathcliff26/go-minesweeper/pkg/app/app.go:66.21,68.2 1 0
github.com/heathcliff26/go-minesweeper/pkg/app/app.go:71.26,73.50 1 1
github.com/heathcliff26/go-minesweeper/pkg/app/app.go:73.50,75.3 1 1
github.com/heathcliff26/go-minesweeper/pkg/app/app.go:76.2,76.52 1 1
github.com/heathcliff26/go-minesweeper/pkg/app/app.go:76.52,78.3 1 1
github.com/heathcliff26/go-minesweeper/pkg/app/app.go:79.2,86.33 7 1
github.com/heathcliff26/go-minesweeper/pkg/app/app.go:86.33,88.24 2 1
github.com/heathcliff26/go-minesweeper/pkg/app/app.go:88.24,89.20 1 1
github.com/heathcliff26/go-minesweeper/pkg/app/app.go:89.20,91.5 1 0
github.com/heathcliff26/go-minesweeper/pkg/app/app.go:92.4,92.37 1 1
github.com/heathcliff26/go-minesweeper/pkg/app/app.go:92.37,94.5 1 1
github.com/heathcliff26/go-minesweeper/pkg/app/app.go:95.4,95.16 1 1
github.com/heathcliff26/go-minesweeper/pkg/app/app.go:97.3,98.38 2 1
github.com/heathcliff26/go-minesweeper/pkg/app/app.go:100.2,105.66 5 1
github.com/heathcliff26/go-minesweeper/pkg/app/app.go:105.66,108.48 3 1
github.com/heathcliff26/go-minesweeper/pkg/app/app.go:108.48,110.4 1 0
github.com/heathcliff26/go-minesweeper/pkg/app/app.go:112.2,113.65 2 1
github.com/heathcliff26/go-minesweeper/pkg/app/app.go:113.65,115.3 1 1
github.com/heathcliff26/go-minesweeper/pkg/app/app.go:116.2,116.61 1 1
github.com/heathcliff26/go-minesweeper/pkg/app/app.go:116.61,118.3 1 1
github.com/heathcliff26/go-minesweeper/pkg/app/app.go:119.2,121.52 3 1
github.com/heathcliff26/go-minesweeper/pkg/app/app.go:121.52,123.48 2 0
github.com/heathcliff26/go-minesweeper/pkg/app/app.go:123.48,125.4 1 0
github.com/heathcliff26/go-minesweeper/pkg/app/app.go:125.9,127.4 1 0
github.com/heathcliff26/go-minesweeper/pkg/app/app.go:128.3,128.55 1 0
github.com/heathcliff26/go-minesweeper/pkg/app/app.go:130.2,132.42 2 1
github.com/heathcliff26/go-minesweeper/pkg/app/app.go:132.42,133.21 1 0
github.com/heathcliff26/go-minesweeper/pkg/app/app.go:133.21,135.4 1 0
github.com/heathcliff26/go-minesweeper/pkg/app/app.go:137.2,137.44 1 1
github.com/heathcliff26/go-minesweeper/pkg/app/app.go:137.44,140.3 2 0
github.com/heathcliff26/go-minesweeper/pkg/app/app.go:141.2,143.81 2 1
github.com/heathcliff26/go-minesweeper/pkg/app/app.go:147.28,153.2 4 1
github.com/heathcliff26/go-minesweeper/pkg/app/app.go:156.40,168.100 10 0
github.com/heathcliff26/go-minesweeper/pkg/app/app.go:168.100,169.10 1 0
github.com/heathcliff26/go-minesweeper/pkg/app/app.go:169.10,171.4 1 0
github.com/heathcliff26/go-minesweeper/pkg/app/app.go:172.3,173.17 2 0
github.com/heathcliff26/go-minesweeper/pkg/app/app.go:173.17,176.4 2 0
github.com/heathcliff26/go-minesweeper/pkg/app/app.go:178.3,178.36 1 0
github.com/heathcliff26/go-minesweeper/pkg/app/app.go:178.36,180.4 1 0
github.com/heathcliff26/go-minesweeper/pkg/app/app.go:181.3,181.15 1 0
github.com/heathcliff26/go-minesweeper/pkg/app/app.go:183.2,183.19 1 0
github.com/heathcliff26/go-minesweeper/pkg/app/app.go:186.26,188.16 2 0
github.com/heathcliff26/go-minesweeper/pkg/app/app.go:188.16,191.3 2 0
github.com/heathcliff26/go-minesweeper/pkg/app/app.go:192.2,192.16 1 0
github.com/heathcliff26/go-minesweeper/pkg/app/app.go:192.16,194.3 1 0
github.com/heathcliff26/go-minesweeper/pkg/app/app.go:196.2,197.16 2 0
github.com/heathcliff26/go-minesweeper/pkg/app/app.go:197.16,200.3 2 0
github.com/heathcliff26/go-minesweeper/pkg/app/app.go:202.2,202.35 1 0
github.com/heathcliff26/go-minesweeper/pkg/app/app.go:202.35,204.3 1 0
github.com/heathcliff26/go-minesweeper/pkg/app/app.go:205.2,207.27 2 0
github.com/heathcliff26/go-minesweeper/pkg/app/app.go:210.26,211.24 1 0
github.com/heathcliff26/go-minesweeper/pkg/app/app.go:211.24,215.3 3 0
github.com/heathcliff26/go-minesweeper/pkg/app/app.go:216.2,217.16 2 0
github.com/heathcliff26/go-minesweeper/pkg/app/app.go:217.16,220.3 2 0
github.com/heathcliff26/go-minesweeper/pkg/app/app.go:221.2,221.16 1 0
github.com/heathcliff26/go-minesweeper/pkg/app/app.go:221.16,223.3 1 0
github.com/heathcliff26/go-minesweeper/pkg/app/app.go:225.2,226.16 2 0
github.com/heathcliff26/go-minesweeper/pkg/app/app.go:226.16,229.3 2 0
github.com/heathcliff26/go-minesweeper/pkg/app/app.go:231.2,232.16 2 0
github.com/heathcliff26/go-minesweeper/pkg/app/app.go:232.16,235.3 2 0
github.com/heathcliff26/go-minesweeper/pkg/app/app.go:237.2,238.16 2 0
github.com/heathcliff26/go-minesweeper/pkg/app/app.go:238.16,241.3 2 0
github.com/heathcliff26/go-minesweeper/pkg/app/app.go:244.49,246.40 2 1
github.com/heathcliff26/go-minesweeper/pkg/app/app.go:246.40,247.19 1 1
github.com/heathcliff26/go-minesweeper/pkg/app/app.go:247.19,249.4 1 1
github.com/heathcliff26/go-minesweeper/pkg/app/app.go:251.2,251.16 1 1
github.com/heathcliff26/go-minesweeper/pkg/app/app.go:254.40,255.40 1 1
github.com/heathcliff26/go-minesweeper/pkg/app/app.go:255.40,257.3 1 1
github.com/heathcliff26/go-minesweeper/pkg/app/app.go:258.2,258.27 1 1
github.com/heathcliff26/go-minesweeper/pkg/app/button.go:21.71,28.2 3 1
github.com/heathcliff26/go-minesweeper/pkg/app/button.go:31.55,33.2 1 1
github.com/heathcliff26/go-minesweeper/pkg/app/button.go:36.45,38.2 1 1
github.com/heathcliff26/go-minesweeper/pkg/app/button.go:41.55,41.56 0 0
github.com/heathcliff26/go-minesweeper/pkg/app/button.go:44.39,47.2 2 1
github.com/heathcliff26/go-minesweeper/pkg/app/counter.go:20.37,25.2 1 1
github.com/heathcliff26/go-minesweeper/pkg/app/counter.go:28.35,34.2 4 1
github.com/heathcliff26/go-minesweeper/pkg/app/counter.go:37.29,38.17 1 1
github.com/heathcliff26/go-minesweeper/pkg/app/counter.go:38.17,40.3 1 1
github.com/heathcliff26/go-minesweeper/pkg/app/counter.go:40.8,42.3 1 1
github.com/heathcliff26/go-minesweeper/pkg/app/counter.go:43.2,43.19 1 1
github.com/heathcliff26/go-minesweeper/pkg/app/counter.go:47.25,53.2 4 1
github.com/heathcliff26/go-minesweeper/pkg/app/counter.go:56.25,62.2 4 1
github.com/heathcliff26/go-minesweeper/pkg/app/grid.go:57.87,70.34 5 1
github.com/heathcliff26/go-minesweeper/pkg/app/grid.go:70.34,71.35 1 1
github.com/heathcliff26/go-minesweeper/pkg/app/grid.go:71.35,73.4 1 1
github.com/heathcliff26/go-minesweeper/pkg/app/grid.go:76.2,76.13 1 1
github.com/heathcliff26/go-minesweeper/pkg/app/grid.go:80.63,89.31 6 1
github.com/heathcliff26/go-minesweeper/pkg/app/grid.go:89.31,91.32 2 1
github.com/heathcliff26/go-minesweeper/pkg/app/grid.go:91.32,93.4 1 1
github.com/heathcliff26/go-minesweeper/pkg/app/grid.go:94.3,94.58 1 1
github.com/heathcliff26/go-minesweeper/pkg/app/grid.go:96.2,97.38 2 1
github.com/heathcliff26/go-minesweeper/pkg/app/grid.go:103.59,107.19 3 1
github.com/heathcliff26/go-minesweeper/pkg/app/grid.go:107.19,108.26 1 1
github.com/heathcliff26/go-minesweeper/pkg/app/grid.go:109.29,110.62 1 1
github.com/heathcliff26/go-minesweeper/pkg/app/grid.go:111.30,112.63 1 1
github.com/heathcliff26/go-minesweeper/pkg/app/grid.go:113.11,115.10 2 1
github.com/heathcliff26/go-minesweeper/pkg/app/grid.go:118.2,118.24 1 1
github.com/heathcliff26/go-minesweeper/pkg/app/grid.go:118.24,120.3 1 1
github.com/heathcliff26/go-minesweeper/pkg/app/grid.go:122.2,125.13 3 1
github.com/heathcliff26/go-minesweeper/pkg/app/grid.go:125.13,128.3 2 1
github.com/heathcliff26/go-minesweeper/pkg/app/grid.go:132.62,138.26 5 1
github.com/heathcliff26/go-minesweeper/pkg/app/grid.go:138.26,139.27 1 1
github.com/heathcliff26/go-minesweeper/pkg/app/grid.go:139.27,143.25 4 1
github.com/heathcliff26/go-minesweeper/pkg/app/grid.go:143.25,144.36 1 1
github.com/heathcliff26/go-minesweeper/pkg/app/grid.go:144.36,146.14 2 1
github.com/heathcliff26/go-minesweeper/pkg/app/grid.go:148.5,148.39 1 1
github.com/heathcliff26/go-minesweeper/pkg/app/grid.go:148.39,149.14 1 1
github.com/heathcliff26/go-minesweeper/pkg/app/grid.go:151.5,151.39 1 1
github.com/heathcliff26/go-minesweeper/pkg/app/grid.go:156.2,156.46 1 1
github.com/heathcliff26/go-minesweeper/pkg/app/grid.go:156.46,157.32 1 1
github.com/heathcliff26/go-minesweeper/pkg/app/grid.go:157.32,159.4 1 1
github.com/heathcliff26/go-minesweeper/pkg/app/grid.go:160.3,160.38 1 1
github.com/heathcliff26/go-minesweeper/pkg/app/grid.go:165.67,166.14 1 1
github.com/heathcliff26/go-minesweeper/pkg/app/grid.go:166.14,168.3 1 1
github.com/heathcliff26/go-minesweeper/pkg/app/grid.go:170.2,175.33 4 1
github.com/heathcliff26/go-minesweeper/pkg/app/grid.go:175.33,176.10 1 1
github.com/heathcliff26/go-minesweeper/pkg/app/grid.go:177.20,179.43 2 1
github.com/heathcliff26/go-minesweeper/pkg/app/grid.go:180.21,182.44 2 1
github.com/heathcliff26/go-minesweeper/pkg/app/grid.go:184.3,184.17 1 1
github.com/heathcliff26/go-minesweeper/pkg/app/grid.go:185.8,185.27 1 1
github.com/heathcliff26/go-minesweeper/pkg/app/grid.go:185.27,188.13 3 1
github.com/heathcliff26/go-minesweeper/pkg/app/grid.go:188.13,190.39 2 1
github.com/heathcliff26/go-minesweeper/pkg/app/grid.go:190.39,192.5 1 1
github.com/heathcliff26/go-minesweeper/pkg/app/grid.go:194.3,194.13 1 1
github.com/heathcliff26/go-minesweeper/pkg/app/grid.go:194.13,196.41 2 1
github.com/heathcliff26/go-minesweeper/pkg/app/grid.go:196.41,198.5 1 1
github.com/heathcliff26/go-minesweeper/pkg/app/grid.go:202.2,202.42 1 1
github.com/heathcliff26/go-minesweeper/pkg/app/grid.go:202.42,204.29 2 1
github.com/heathcliff26/go-minesweeper/pkg/app/grid.go:204.29,205.30 1 1
github.com/heathcliff26/go-minesweeper/pkg/app/grid.go:205.30,206.13 1 1
github.com/heathcliff26/go-minesweeper/pkg/app/grid.go:207.10,209.5 1 1
github.com/heathcliff26/go-minesweeper/pkg/app/grid.go:211.3,213.43 2 1
github.com/heathcliff26/go-minesweeper/pkg/app/grid.go:213.43,215.30 2 1
github.com/heathcliff26/go-minesweeper/pkg/app/grid.go:215.30,216.31 1 1
github.com/heathcliff26/go-minesweeper/pkg/app/grid.go:216.31,217.14 1 1
github.com/heathcliff26/go-minesweeper/pkg/app/grid.go:218.11,220.6 1 1
github.com/heathcliff26/go-minesweeper/pkg/app/grid.go:223.4,226.82 3 1
github.com/heathcliff26/go-minesweeper/pkg/app/grid.go:230.2,231.31 2 1
github.com/heathcliff26/go-minesweeper/pkg/app/grid.go:235.114,237.33 2 1
github.com/heathcliff26/go-minesweeper/pkg/app/grid.go:237.33,238.34 1 1
github.com/heathcliff26/go-minesweeper/pkg/app/grid.go:238.34,239.52 1 1
github.com/heathcliff26/go-minesweeper/pkg/app/grid.go:239.52,240.13 1 1
github.com/heathcliff26/go-minesweeper/pkg/app/grid.go:242.4,242.41 1 1
github.com/heathcliff26/go-minesweeper/pkg/app/grid.go:248.37,250.2 1 1
github.com/heathcliff26/go-minesweeper/pkg/app/grid.go:253.37,255.2 1 1
github.com/heathcliff26/go-minesweeper/pkg/app/grid.go:258.37,265.2 5 1
github.com/heathcliff26/go-minesweeper/pkg/app/grid.go:268.36,273.19 4 1
github.com/heathcliff26/go-minesweeper/pkg/app/grid.go:273.19,275.3 1 1
github.com/heathcliff26/go-minesweeper/pkg/app/grid.go:276.2,276.11 1 1
github.com/heathcliff26/go-minesweeper/pkg/app/grid.go:280.35,284.31 3 1
github.com/heathcliff26/go-minesweeper/pkg/app/grid.go:284.31,285.32 1 1
github.com/heathcliff26/go-minesweeper/pkg/app/grid.go:285.32,287.4 1 1
github.com/heathcliff26/go-minesweeper/pkg/app/grid.go:289.2,293.26 5 1
github.com/heathcliff26/go-minesweeper/pkg/app/grid.go:298.63,300.2 1 1
github.com/heathcliff26/go-minesweeper/pkg/app/grid.go:304.39,307.19 2 1
github.com/heathcliff26/go-minesweeper/pkg/app/grid.go:307.19,309.3 1 1
github.com/heathcliff26/go-minesweeper/pkg/app/grid.go:310.2,314.45 3 1
github.com/heathcliff26/go-minesweeper/pkg/app/grid.go:314.45,316.3 1 1
github.com/heathcliff26/go-minesweeper/pkg/app/grid.go:318.2,321.40 3 1
github.com/heathcliff26/go-minesweeper/pkg/app/grid.go:321.40,323.21 2 1
github.com/heathcliff26/go-minesweeper/pkg/app/grid.go:323.21,324.12 1 1
github.com/heathcliff26/go-minesweeper/pkg/app/grid.go:326.3,327.14 2 1
github.com/heathcliff26/go-minesweeper/pkg/app/grid.go:329.2,330.22 2 1
github.com/heathcliff26/go-minesweeper/pkg/app/grid.go:330.22,333.3 2 1
github.com/heathcliff26/go-minesweeper/pkg/app/grid.go:334.2,334.14 1 1
github.com/heathcliff26/go-minesweeper/pkg/app/grid.go:340.63,343.19 2 1
github.com/heathcliff26/go-minesweeper/pkg/app/grid.go:343.19,346.3 2 1
github.com/heathcliff26/go-minesweeper/pkg/app/grid.go:347.2,351.14 3 1
github.com/heathcliff26/go-minesweeper/pkg/app/grid.go:351.14,354.3 2 1
github.com/heathcliff26/go-minesweeper/pkg/app/grid.go:355.2,355.33 1 1
github.com/heathcliff26/go-minesweeper/pkg/app/grid.go:355.33,358.3 2 1
github.com/heathcliff26/go-minesweeper/pkg/app/grid.go:360.2,362.15 3 1
github.com/heathcliff26/go-minesweeper/pkg/app/grid.go:362.15,364.3 1 1
github.com/heathcliff26/go-minesweeper/pkg/app/grid.go:365.2,367.124 2 1
github.com/heathcliff26/go-minesweeper/pkg/app/grid.go:367.124,369.29 2 1
github.com/heathcliff26/go-minesweeper/pkg/app/grid.go:369.29,370.35 1 1
github.com/heathcliff26/go-minesweeper/pkg/app/grid.go:370.35,371.13 1 1
github.com/heathcliff26/go-minesweeper/pkg/app/grid.go:373.4,374.21 2 1
github.com/heathcliff26/go-minesweeper/pkg/app/grid.go:376.3,376.6 1 1
github.com/heathcliff26/go-minesweeper/pkg/app/grid.go:379.2,379.36 1 1
github.com/heathcliff26/go-minesweeper/pkg/app/grid.go:379.36,382.41 2 1
github.com/heathcliff26/go-minesweeper/pkg/app/grid.go:382.41,386.4 3 1
github.com/heathcliff26/go-minesweeper/pkg/app/grid.go:389.2,390.13 2 1
github.com/heathcliff26/go-minesweeper/pkg/app/tile.go:78.53,90.2 3 1
github.com/heathcliff26/go-minesweeper/pkg/app/tile.go:93.53,111.2 13 1
github.com/heathcliff26/go-minesweeper/pkg/app/tile.go:114.43,115.35 1 1
github.com/heathcliff26/go-minesweeper/pkg/app/tile.go:115.35,117.3 1 1
github.com/heathcliff26/go-minesweeper/pkg/app/tile.go:118.2,118.26 1 1
github.com/heathcliff26/go-minesweeper/pkg/app/tile.go:122.52,123.20 1 1
github.com/heathcliff26/go-minesweeper/pkg/app/tile.go:123.20,125.3 1 1
github.com/heathcliff26/go-minesweeper/pkg/app/tile.go:127.2,127.22 1 1
github.com/heathcliff26/go-minesweeper/pkg/app/tile.go:131.49,132.38 1 1
github.com/heathcliff26/go-minesweeper/pkg/app/tile.go:132.38,134.3 1 1
github.com/heathcliff26/go-minesweeper/pkg/app/tile.go:136.2,136.29 1 1
github.com/heathcliff26/go-minesweeper/pkg/app/tile.go:140.32,149.9 7 1
github.com/heathcliff26/go-minesweeper/pkg/app/tile.go:150.35,151.38 1 1
github.com/heathcliff26/go-minesweeper/pkg/app/tile.go:151.38,153.4 1 1
github.com/heathcliff26/go-minesweeper/pkg/app/tile.go:153.9,155.4 1 1
github.com/heathcliff26/go-minesweeper/pkg/app/tile.go:156.3,156.24 1 1
github.com/heathcliff26/go-minesweeper/pkg/app/tile.go:157.108,160.25 3 1
github.com/heathcliff26/go-minesweeper/pkg/app/tile.go:161.39,164.18 3 1
github.com/heathcliff26/go-minesweeper/pkg/app/tile.go:164.18,166.4 1 1
github.com/heathcliff26/go-minesweeper/pkg/app/tile.go:167.57,171.47 4 1
github.com/heathcliff26/go-minesweeper/pkg/app/tile.go:172.19,173.47 1 1
github.com/heathcliff26/go-minesweeper/pkg/app/tile.go:178.24,184.2 5 1
github.com/heathcliff26/go-minesweeper/pkg/app/tile.go:187.31,189.2 1 1
github.com/heathcliff26/go-minesweeper/pkg/app/tile.go:192.51,194.2 1 1
github.com/heathcliff26/go-minesweeper/pkg/app/tile.go:197.46,198.18 1 1
github.com/heathcliff26/go-minesweeper/pkg/app/tile.go:198.18,200.3 1 1
github.com/heathcliff26/go-minesweeper/pkg/app/tile.go:201.2,202.19 2 1
github.com/heathcliff26/go-minesweeper/pkg/app/tile.go:206.31,211.2 3 1
github.com/heathcliff26/go-minesweeper/pkg/app/tile.go:214.29,216.20 2 1
github.com/heathcliff26/go-minesweeper/pkg/app/tile.go:216.20,219.3 2 1
github.com/heathcliff26/go-minesweeper/pkg/app/tile.go:221.2,221.15 1 1
github.com/heathcliff26/go-minesweeper/pkg/app/tile.go:221.15,223.3 1 1
github.com/heathcliff26/go-minesweeper/pkg/app/tile.go:223.8,225.3 1 1
github.com/heathcliff26/go-minesweeper/pkg/app/tile.go:226.2,229.19 3 1
github.com/heathcliff26/go-minesweeper/pkg/app/tile.go:233.38,235.2 1 1
github.com/heathcliff26/go-minesweeper/pkg/app/tile.go:238.36,239.22 1 1
github.com/heathcliff26/go-minesweeper/pkg/app/tile.go:239.22,241.3 1 1
github.com/heathcliff26/go-minesweeper/pkg/app/tile.go:242.2,243.19 2 1
github.com/heathcliff26/go-minesweeper/pkg/app/tile.go:247.34,249.2 1 1
github.com/heathcliff26/go-minesweeper/pkg/app/tile.go:252.36,253.24 1 1
github.com/heathcliff26/go-minesweeper/pkg/app/tile.go:253.24,255.3 1 1
github.com/heathcliff26/go-minesweeper/pkg/app/tile.go:256.2,256.14 1 1
github.com/heathcliff26/go-minesweeper/pkg/app/timer.go:22.24,28.2 1 1
github.com/heathcliff26/go-minesweeper/pkg/app/timer.go:31.25,35.15 3 1
github.com/heathcliff26/go-minesweeper/pkg/app/timer.go:35.15,37.3 1 1
github.com/heathcliff26/go-minesweeper/pkg/app/timer.go:39.2,41.12 3 1
github.com/heathcliff26/go-minesweeper/pkg/app/timer.go:41.12,43.7 2 1
github.com/heathcliff26/go-minesweeper/pkg/app/timer.go:43.7,44.11 1 1
github.com/heathcliff26/go-minesweeper/pkg/app/timer.go:45.24,47.11 2 1
github.com/heathcliff26/go-minesweeper/pkg/app/timer.go:48.20,50.16 2 1
github.com/heathcliff26/go-minesweeper/pkg/app/timer.go:57.24,62.2 3 1
github.com/heathcliff26/go-minesweeper/pkg/app/timer.go:65.25,72.2 5 1
github.com/heathcliff26/go-minesweeper/pkg/app/timer.go:75.24,76.17 1 1
github.com/heathcliff26/go-minesweeper/pkg/app/timer.go:76.17,80.3 3 1
github.com/heathcliff26/go-minesweeper/pkg/app/timer.go:84.32,86.2 1 1
github.com/heathcliff26/go-minesweeper/pkg/app/timer.go:89.27,92.2 2 1
github.com/heathcliff26/go-minesweeper/pkg/app/utils.go:22.39,25.42 3 1
github.com/heathcliff26/go-minesweeper/pkg/app/utils.go:25.42,26.33 1 0
github.com/heathcliff26/go-minesweeper/pkg/app/utils.go:26.33,28.9 2 0
github.com/heathcliff26/go-minesweeper/pkg/app/utils.go:31.2,31.21 1 1
github.com/heathcliff26/go-minesweeper/pkg/app/utils.go:31.21,33.3 1 0
github.com/heathcliff26/go-minesweeper/pkg/app/utils.go:35.2,38.16 3 1
github.com/heathcliff26/go-minesweeper/pkg/app/utils.go:38.16,40.3 1 1
github.com/heathcliff26/go-minesweeper/pkg/app/utils.go:42.2,47.3 1 1
github.com/heathcliff26/go-minesweeper/pkg/app/utils.go:51.53,65.2 11 0
github.com/heathcliff26/go-minesweeper/pkg/app/utils.go:68.42,72.2 3 1
github.com/heathcliff26/go-minesweeper/pkg/app/utils.go:75.64,82.2 6 1
github.com/heathcliff26/go-minesweeper/pkg/app/utils.go:85.45,90.2 4 1
github.com/heathcliff26/go-minesweeper/pkg/app/filedialog/dialog.go:22.87,26.66 4 0
github.com/heathcliff26/go-minesweeper/pkg/app/filedialog/dialog.go:26.66,28.17 2 0
github.com/heathcliff26/go-minesweeper/pkg/app/filedialog/dialog.go:28.17,31.4 2 0
github.com/heathcliff26/go-minesweeper/pkg/app/filedialog/dialog.go:32.3,32.17 1 0
github.com/heathcliff26/go-minesweeper/pkg/app/filedialog/dialog.go:32.17,35.4 2 0
github.com/heathcliff26/go-minesweeper/pkg/app/filedialog/dialog.go:37.3,37.48 1 0
github.com/heathcliff26/go-minesweeper/pkg/app/filedialog/dialog.go:40.2,41.16 2 0
github.com/heathcliff26/go-minesweeper/pkg/app/filedialog/dialog.go:41.16,43.3 1 0
github.com/heathcliff26/go-minesweeper/pkg/app/filedialog/dialog.go:45.2,45.23 1 0
github.com/heathcliff26/go-minesweeper/pkg/app/filedialog/dialog.go:45.23,46.13 1 0
github.com/heathcliff26/go-minesweeper/pkg/app/filedialog/dialog.go:46.13,48.4 1 0
github.com/heathcliff26/go-minesweeper/pkg/app/filedialog/dialog.go:49.3,49.27 1 0
github.com/heathcliff26/go-minesweeper/pkg/app/filedialog/dialog.go:52.2,53.34 2 0
github.com/heathcliff26/go-minesweeper/pkg/app/filedialog/dialog.go:57.87,61.67 4 0
github.com/heathcliff26/go-minesweeper/pkg/app/filedialog/dialog.go:61.67,63.17 2 0
github.com/heathcliff26/go-minesweeper/pkg/app/filedialog/dialog.go:63.17,66.4 2 0
github.com/heathcliff26/go-minesweeper/pkg/app/filedialog/dialog.go:67.3,67.17 1 0
github.com/heathcliff26/go-minesweeper/pkg/app/filedialog/dialog.go:67.17,70.4 2 0
github.com/heathcliff26/go-minesweeper/pkg/app/filedialog/dialog.go:72.3,73.14 2 0
github.com/heathcliff26/go-minesweeper/pkg/app/filedialog/dialog.go:76.2,77.16 2 0
github.com/heathcliff26/go-minesweeper/pkg/app/filedialog/dialog.go:77.16,79.3 1 0
github.com/heathcliff26/go-minesweeper/pkg/app/filedialog/dialog.go:81.2,81.23 1 0
github.com/heathcliff26/go-minesweeper/pkg/app/filedialog/dialog.go:81.23,82.13 1 0
github.com/heathcliff26/go-minesweeper/pkg/app/filedialog/dialog.go:82.13,84.4 1 0
github.com/heathcliff26/go-minesweeper/pkg/app/filedialog/dialog.go:85.3,85.27 1 0
github.com/heathcliff26/go-minesweeper/pkg/app/filedialog/dialog.go:88.2,89.34 2 0
github.com/heathcliff26/go-minesweeper/pkg/app/filedialog/dialog.go:95.69,97.16 2 0
github.com/heathcliff26/go-minesweeper/pkg/app/filedialog/dialog.go:97.16,99.3 1 0
github.com/heathcliff26/go-minesweeper/pkg/app/filedialog/dialog.go:100.2,101.16 2 0
github.com/heathcliff26/go-minesweeper/pkg/app/filedialog/dialog.go:101.16,103.3 1 0
github.com/heathcliff26/go-minesweeper/pkg/app/filedialog/dialog.go:104.2,106.12 2 0
github.com/heathcliff26/go-minesweeper/pkg/app/filedialog/dialog.go:109.107,112.25 2 0
github.com/heathcliff26/go-minesweeper/pkg/app/filedialog/dialog.go:112.25,114.17 2 0
github.com/heathcliff26/go-minesweeper/pkg/app/filedialog/dialog.go:114.17,116.4 1 0
github.com/heathcliff26/go-minesweeper/pkg/app/filedialog/dialog.go:117.3,117.22 1 0
github.com/heathcliff26/go-minesweeper/pkg/app/filedialog/dialog.go:119.2,120.16 2 0
github.com/heathcliff26/go-minesweeper/pkg/app/filedialog/dialog.go:120.16,122.3 1 0
github.com/heathcliff26/go-minesweeper/pkg/app/filedialog/dialog.go:124.2,124.23 1 0
github.com/heathcliff26/go-minesweeper/pkg/app/filedialog/dialog.go:124.23,126.3 1 0
github.com/heathcliff26/go-minesweeper/pkg/app/filedialog/dialog.go:128.2,134.12 6 0
